  [1m[36m (2.9ms)[0m  [1mCREATE TABLE "schema_migrations" ("version" varchar(255) NOT NULL) [0m
  [1m[35m (0.1ms)[0m  select sqlite_version(*)
  [1m[36m (1.4ms)[0m  [1mCREATE UNIQUE INDEX "unique_schema_migrations" ON "schema_migrations" ("version")[0m
  [1m[35mActiveRecord::SchemaMigration Load (0.1ms)[0m  SELECT "schema_migrations".* FROM "schema_migrations"
Migrating to CreateMovies (20121121163535)
  [1m[36m (0.1ms)[0m  [1mbegin transaction[0m
  [1m[35m (0.4ms)[0m  CREATE TABLE "movies" ("id" INTEGER PRIMARY KEY AUTOINCREMENT NOT NULL, "title" varchar(255), "rating" varchar(255), "total_gross" decimal, "created_at" datetime, "updated_at" datetime) 
  [1m[36mSQL (0.3ms)[0m  [1mINSERT INTO "schema_migrations" ("version") VALUES (?)[0m  [["version", "20121121163535"]]
  [1m[35m (2.4ms)[0m  commit transaction
Migrating to AddFieldsToMovies (20121121180707)
  [1m[36m (0.1ms)[0m  [1mbegin transaction[0m
  [1m[35m (14.6ms)[0m  ALTER TABLE "movies" ADD "description" text
  [1m[36m (0.2ms)[0m  [1mALTER TABLE "movies" ADD "released_on" date[0m
  [1m[35mSQL (0.2ms)[0m  INSERT INTO "schema_migrations" ("version") VALUES (?)  [["version", "20121121180707"]]
  [1m[36m (1.1ms)[0m  [1mcommit transaction[0m
Migrating to AddMoreFieldsToMovies (20121210234158)
  [1m[35m (0.1ms)[0m  begin transaction
  [1m[36m (0.4ms)[0m  [1mALTER TABLE "movies" ADD "cast" varchar(255)[0m
  [1m[35m (0.1ms)[0m  ALTER TABLE "movies" ADD "director" varchar(255)
  [1m[36m (0.1ms)[0m  [1mALTER TABLE "movies" ADD "duration" varchar(255)[0m
  [1m[35m (0.1ms)[0m  ALTER TABLE "movies" ADD "image_file_name" varchar(255)
  [1m[36mSQL (0.1ms)[0m  [1mINSERT INTO "schema_migrations" ("version") VALUES (?)[0m  [["version", "20121210234158"]]
  [1m[35m (1.2ms)[0m  commit transaction
Migrating to CreateReviews (20121217184756)
  [1m[36m (0.1ms)[0m  [1mbegin transaction[0m
  [1m[35m (0.4ms)[0m  CREATE TABLE "reviews" ("id" INTEGER PRIMARY KEY AUTOINCREMENT NOT NULL, "name" varchar(255), "stars" integer, "comment" text, "movie_id" integer, "created_at" datetime, "updated_at" datetime) 
  [1m[36m (0.1ms)[0m  [1mCREATE  INDEX "index_reviews_on_movie_id" ON "reviews" ("movie_id")[0m
  [1m[35mSQL (0.1ms)[0m  INSERT INTO "schema_migrations" ("version") VALUES (?)  [["version", "20121217184756"]]
  [1m[36m (1.7ms)[0m  [1mcommit transaction[0m
  [1m[35mActiveRecord::SchemaMigration Load (0.1ms)[0m  SELECT "schema_migrations".* FROM "schema_migrations"
  [1m[36m (0.2ms)[0m  [1m            SELECT sql
            FROM sqlite_master
            WHERE name='index_reviews_on_movie_id' AND type='index'
            UNION ALL
            SELECT sql
            FROM sqlite_temp_master
            WHERE name='index_reviews_on_movie_id' AND type='index'
[0m
  [1m[35mActiveRecord::SchemaMigration Load (0.1ms)[0m  SELECT "schema_migrations".* FROM "schema_migrations"
  [1m[36m (0.1ms)[0m  [1mbegin transaction[0m
  [1m[35mSQL (0.5ms)[0m  INSERT INTO "movies" ("cast", "created_at", "description", "director", "duration", "image_file_name", "rating", "released_on", "title", "total_gross", "updated_at") VALUES (?, ?, ?, ?, ?, ?, ?, ?, ?, ?, ?)  [["cast", "Robert Downey Jr., Gwyneth Paltrow and Terrence Howard"], ["created_at", "2014-11-01 01:08:07.174994"], ["description", "When wealthy industrialist Tony Stark is forced to build an armored suit after a life-threatening incident, he ultimately decides to use its technology to fight against evil."], ["director", "Jon Favreau"], ["duration", "126 min"], ["image_file_name", "ironman.jpg"], ["rating", "PG-13"], ["released_on", "2008-05-02"], ["title", "Iron Man"], ["total_gross", 318412101.0], ["updated_at", "2014-11-01 01:08:07.174994"]]
  [1m[36m (2.0ms)[0m  [1mcommit transaction[0m
  [1m[35m (0.1ms)[0m  begin transaction
  [1m[36mSQL (0.3ms)[0m  [1mINSERT INTO "movies" ("cast", "created_at", "description", "director", "duration", "image_file_name", "rating", "released_on", "title", "total_gross", "updated_at") VALUES (?, ?, ?, ?, ?, ?, ?, ?, ?, ?, ?)[0m  [["cast", "Christopher Reeve, Margot Kidder and Gene Hackman"], ["created_at", "2014-11-01 01:08:07.183735"], ["description", "An alien orphan is sent from his dying planet to Earth, where he grows up to become his adoptive home's first and greatest super-hero."], ["director", "Richard Donner"], ["duration", "143 min"], ["image_file_name", "superman.jpg"], ["rating", "PG"], ["released_on", "1978-12-15"], ["title", "Superman"], ["total_gross", 134218018.0], ["updated_at", "2014-11-01 01:08:07.183735"]]
  [1m[35m (1.6ms)[0m  commit transaction
  [1m[36m (0.1ms)[0m  [1mbegin transaction[0m
  [1m[35mSQL (0.3ms)[0m  INSERT INTO "movies" ("cast", "created_at", "description", "director", "duration", "image_file_name", "rating", "released_on", "title", "total_gross", "updated_at") VALUES (?, ?, ?, ?, ?, ?, ?, ?, ?, ?, ?)  [["cast", "Tobey Maguire, Kirsten Dunst and Willem Dafoe"], ["created_at", "2014-11-01 01:08:07.187578"], ["description", "When bitten by a genetically modified spider, a nerdy, shy, and awkward high school student gains spider-like abilities that he eventually must use to fight evil as a superhero after tragedy befalls his family."], ["director", "Sam Raimi"], ["duration", "121 min"], ["image_file_name", "spiderman.jpg"], ["rating", "PG-13"], ["released_on", "2002-05-03"], ["title", "Spider-Man"], ["total_gross", 403706375.0], ["updated_at", "2014-11-01 01:08:07.187578"]]
  [1m[36m (1.6ms)[0m  [1mcommit transaction[0m
  [1m[35m (0.1ms)[0m  begin transaction
  [1m[36mSQL (0.4ms)[0m  [1mINSERT INTO "movies" ("cast", "created_at", "description", "director", "duration", "image_file_name", "rating", "released_on", "title", "total_gross", "updated_at") VALUES (?, ?, ?, ?, ?, ?, ?, ?, ?, ?, ?)[0m  [["cast", "Michael Keaton, Jack Nicholson and Kim Basinger"], ["created_at", "2014-11-01 01:08:07.191155"], ["description", "The Dark Knight of Gotham City begins his war on crime with his first major enemy being the clownishly homicidal Joker."], ["director", "Tim Burton"], ["duration", "126 min"], ["image_file_name", "batman.jpg"], ["rating", "PG-13"], ["released_on", "1989-06-23"], ["title", "Batman"], ["total_gross", 251188924.0], ["updated_at", "2014-11-01 01:08:07.191155"]]
  [1m[35m (1.4ms)[0m  commit transaction
  [1m[36m (0.1ms)[0m  [1mbegin transaction[0m
  [1m[35mSQL (0.3ms)[0m  INSERT INTO "movies" ("cast", "created_at", "description", "director", "duration", "image_file_name", "rating", "released_on", "title", "total_gross", "updated_at") VALUES (?, ?, ?, ?, ?, ?, ?, ?, ?, ?, ?)  [["cast", "Halle Berry, Sharon Stone and Benjamin Bratt"], ["created_at", "2014-11-01 01:08:07.194957"], ["description", "Patience Philips seems destined to spend her life apologizing for taking up space. Despite her artistic ability&mdash;she has a more than respectable career as a graphic designer."], ["director", "Jean-Christophe 'Pitof' Comar"], ["duration", "101 min"], ["image_file_name", "catwoman.jpg"], ["rating", "PG-13"], ["released_on", "2004-07-23"], ["title", "Catwoman"], ["total_gross", 40200000.0], ["updated_at", "2014-11-01 01:08:07.194957"]]
  [1m[36m (1.6ms)[0m  [1mcommit transaction[0m
  [1m[35m (0.0ms)[0m  begin transaction
  [1m[36mSQL (0.3ms)[0m  [1mINSERT INTO "movies" ("cast", "created_at", "description", "director", "duration", "image_file_name", "rating", "released_on", "title", "total_gross", "updated_at") VALUES (?, ?, ?, ?, ?, ?, ?, ?, ?, ?, ?)[0m  [["cast", "Bruce Wayne, Gojira"], ["created_at", "2014-11-01 01:08:07.198428"], ["description", "An epic battle between The Caped Crusader and the fire-breathing dinosaur Gojira. Hang on to your popcorn, kids!"], ["director", "Ishiro Honda"], ["duration", "211 min"], ["image_file_name", "batman-vs-godzilla.jpg"], ["rating", "PG-13"], ["released_on", "2014-11-11"], ["title", "Batman vs. Godzilla"], ["total_gross", 387623910.0], ["updated_at", "2014-11-01 01:08:07.198428"]]
  [1m[35m (1.0ms)[0m  commit transaction
  [1m[36mMovie Load (0.2ms)[0m  [1mSELECT  "movies".* FROM "movies"  WHERE "movies"."title" = 'Iron Man' LIMIT 1[0m
  [1m[35m (0.1ms)[0m  begin transaction
  [1m[36mSQL (0.5ms)[0m  [1mINSERT INTO "reviews" ("comment", "created_at", "movie_id", "name", "stars", "updated_at") VALUES (?, ?, ?, ?, ?, ?)[0m  [["comment", "I laughed, I cried, I spilled my popcorn!"], ["created_at", "2014-11-01 01:08:07.229161"], ["movie_id", 1], ["name", "Roger Ebert"], ["stars", 3], ["updated_at", "2014-11-01 01:08:07.229161"]]
  [1m[35m (2.4ms)[0m  commit transaction
  [1m[36m (0.0ms)[0m  [1mbegin transaction[0m
  [1m[35mSQL (0.3ms)[0m  INSERT INTO "reviews" ("comment", "created_at", "movie_id", "name", "stars", "updated_at") VALUES (?, ?, ?, ?, ?, ?)  [["comment", "I'm a better reviewer than he is."], ["created_at", "2014-11-01 01:08:07.234271"], ["movie_id", 1], ["name", "Gene Siskel"], ["stars", 5], ["updated_at", "2014-11-01 01:08:07.234271"]]
  [1m[36m (1.5ms)[0m  [1mcommit transaction[0m
  [1m[35m (0.0ms)[0m  begin transaction
  [1m[36mSQL (0.2ms)[0m  [1mINSERT INTO "reviews" ("comment", "created_at", "movie_id", "name", "stars", "updated_at") VALUES (?, ?, ?, ?, ?, ?)[0m  [["comment", "It's been years since a movie superhero was this fierce and this funny."], ["created_at", "2014-11-01 01:08:07.237335"], ["movie_id", 1], ["name", "Peter Travers"], ["stars", 4], ["updated_at", "2014-11-01 01:08:07.237335"]]
  [1m[35m (1.6ms)[0m  commit transaction
  [1m[36mMovie Load (0.2ms)[0m  [1mSELECT  "movies".* FROM "movies"  WHERE "movies"."title" = 'Superman' LIMIT 1[0m
  [1m[35m (0.1ms)[0m  begin transaction
  [1m[36mSQL (0.3ms)[0m  [1mINSERT INTO "reviews" ("comment", "created_at", "movie_id", "name", "stars", "updated_at") VALUES (?, ?, ?, ?, ?, ?)[0m  [["comment", "It's a bird, it's a plane, it's a blockbuster!"], ["created_at", "2014-11-01 01:08:07.241864"], ["movie_id", 2], ["name", "Elvis Mitchell"], ["stars", 5], ["updated_at", "2014-11-01 01:08:07.241864"]]
  [1m[35m (1.6ms)[0m  commit transaction


Started GET "/" for 127.0.0.1 at 2014-10-31 18:09:02 -0700
  [1m[36mActiveRecord::SchemaMigration Load (0.2ms)[0m  [1mSELECT "schema_migrations".* FROM "schema_migrations"[0m
Processing by MoviesController#index as HTML
  [1m[35mMovie Load (0.3ms)[0m  SELECT "movies".* FROM "movies"  WHERE (released_on <= '2014-11-01 01:09:02.797539')  ORDER BY "movies"."released_on" DESC
  Rendered movies/index.html.erb within layouts/application (119.2ms)
  Rendered layouts/_header.html.erb (1.0ms)
  Rendered layouts/_flashes.html.erb (0.6ms)
  Rendered layouts/_sidebar.html.erb (0.7ms)
  Rendered layouts/_footer.html.erb (0.5ms)
Completed 200 OK in 1627ms (Views: 1607.8ms | ActiveRecord: 0.7ms)


Started GET "/assets/application.css?body=1" for 127.0.0.1 at 2014-10-31 18:09:04 -0700


Started GET "/assets/normalize.css?body=1" for 127.0.0.1 at 2014-10-31 18:09:04 -0700


Started GET "/assets/layout.css?body=1" for 127.0.0.1 at 2014-10-31 18:09:04 -0700


Started GET "/assets/elements.css?body=1" for 127.0.0.1 at 2014-10-31 18:09:04 -0700


Started GET "/assets/movies.css?body=1" for 127.0.0.1 at 2014-10-31 18:09:04 -0700


Started GET "/assets/forms.css?body=1" for 127.0.0.1 at 2014-10-31 18:09:04 -0700


Started GET "/assets/buttons.css?body=1" for 127.0.0.1 at 2014-10-31 18:09:04 -0700


Started GET "/assets/jquery.js?body=1" for 127.0.0.1 at 2014-10-31 18:09:04 -0700


Started GET "/assets/jquery_ujs.js?body=1" for 127.0.0.1 at 2014-10-31 18:09:04 -0700


Started GET "/assets/reviews.js?body=1" for 127.0.0.1 at 2014-10-31 18:09:04 -0700


Started GET "/assets/application.js?body=1" for 127.0.0.1 at 2014-10-31 18:09:04 -0700


Started GET "/assets/movies.js?body=1" for 127.0.0.1 at 2014-10-31 18:09:04 -0700


Started GET "/assets/turbolinks.js?body=1" for 127.0.0.1 at 2014-10-31 18:09:04 -0700


Started GET "/assets/ironman.jpg" for 127.0.0.1 at 2014-10-31 18:09:04 -0700


Started GET "/assets/superman.jpg" for 127.0.0.1 at 2014-10-31 18:09:05 -0700


Started GET "/assets/catwoman.jpg" for 127.0.0.1 at 2014-10-31 18:09:05 -0700


Started GET "/assets/batman.jpg" for 127.0.0.1 at 2014-10-31 18:09:05 -0700


Started GET "/assets/spiderman.jpg" for 127.0.0.1 at 2014-10-31 18:09:05 -0700


Started GET "/assets/background.jpg" for 127.0.0.1 at 2014-10-31 18:09:05 -0700


Started GET "/assets/logo.png" for 127.0.0.1 at 2014-10-31 18:09:05 -0700


Started GET "/assets/arrow.png" for 127.0.0.1 at 2014-10-31 18:09:05 -0700


Started GET "/assets/add.png" for 127.0.0.1 at 2014-10-31 18:09:05 -0700
  [1m[36mActiveRecord::SchemaMigration Load (0.6ms)[0m  [1mSELECT "schema_migrations".* FROM "schema_migrations"[0m
Migrating to CreateUsers (20141106010155)
  [1m[35m (0.2ms)[0m  begin transaction
  [1m[36m (0.6ms)[0m  [1mCREATE TABLE "users" ("id" INTEGER PRIMARY KEY AUTOINCREMENT NOT NULL, "name" varchar(255), "email" varchar(255), "password_digest" varchar(255), "created_at" datetime, "updated_at" datetime) [0m
  [1m[35mSQL (0.4ms)[0m  INSERT INTO "schema_migrations" ("version") VALUES (?)  [["version", "20141106010155"]]
  [1m[36m (1.3ms)[0m  [1mcommit transaction[0m
  [1m[35mActiveRecord::SchemaMigration Load (0.1ms)[0m  SELECT "schema_migrations".* FROM "schema_migrations"
  [1m[36m (20.1ms)[0m  [1m            SELECT sql
            FROM sqlite_master
            WHERE name='index_reviews_on_movie_id' AND type='index'
            UNION ALL
            SELECT sql
            FROM sqlite_temp_master
            WHERE name='index_reviews_on_movie_id' AND type='index'
[0m
  [1m[36m (0.2ms)[0m  [1mbegin transaction[0m
  [1m[35mUser Exists (0.2ms)[0m  SELECT  1 AS one FROM "users"  WHERE "users"."email" IS NULL LIMIT 1
  [1m[36m (0.1ms)[0m  [1mrollback transaction[0m
  [1m[35m (0.1ms)[0m  begin transaction
  [1m[36mUser Exists (0.2ms)[0m  [1mSELECT  1 AS one FROM "users"  WHERE LOWER("users"."email") = LOWER('rhino.j.benedetti@gmail.com') LIMIT 1[0m
  [1m[35m (0.1ms)[0m  rollback transaction
  [1m[36m (0.1ms)[0m  [1mbegin transaction[0m
  [1m[35mUser Exists (0.3ms)[0m  SELECT  1 AS one FROM "users"  WHERE LOWER("users"."email") = LOWER('rhino.j.benedetti@gmail.com') LIMIT 1
Binary data inserted for `string` type on column `password_digest`
  [1m[36mSQL (0.7ms)[0m  [1mINSERT INTO "users" ("created_at", "email", "name", "password_digest", "updated_at") VALUES (?, ?, ?, ?, ?)[0m  [["created_at", "2014-11-06 01:16:42.096445"], ["email", "rhino.j.benedetti@gmail.com"], ["name", "Ryan"], ["password_digest", "$2a$10$0ZcclHlYEwA3NutJovBDZuuLSY63cCzLAwinwDz9mgJwyvfDjmsI6"], ["updated_at", "2014-11-06 01:16:42.096445"]]
  [1m[35m (2.5ms)[0m  commit transaction
  [1m[36m (0.1ms)[0m  [1mbegin transaction[0m
  [1m[35mUser Exists (0.3ms)[0m  SELECT  1 AS one FROM "users"  WHERE LOWER("users"."email") = LOWER('shonna.s.sims@gmail.com') LIMIT 1
Binary data inserted for `string` type on column `password_digest`
  [1m[36mSQL (0.4ms)[0m  [1mINSERT INTO "users" ("created_at", "email", "name", "password_digest", "updated_at") VALUES (?, ?, ?, ?, ?)[0m  [["created_at", "2014-11-06 01:19:04.466952"], ["email", "shonna.s.sims@gmail.com"], ["name", "Shonna"], ["password_digest", "$2a$10$4QP10Bb5xNHfw1jXFBwNv.4zE8V18IYoOjmqVXQcsl0z5Lsnorxxq"], ["updated_at", "2014-11-06 01:19:04.466952"]]
  [1m[35m (2.5ms)[0m  commit transaction
  [1m[36mUser Load (0.3ms)[0m  [1mSELECT  "users".* FROM "users"  WHERE "users"."email" = 'curly@example.com' LIMIT 1[0m
  [1m[35mUser Load (0.5ms)[0m  SELECT  "users".* FROM "users"  WHERE "users"."email" = 'shonna.s.sims@gmail.com' LIMIT 1
  [1m[36m (0.1ms)[0m  [1mbegin transaction[0m
  [1m[35mUser Exists (0.2ms)[0m  SELECT  1 AS one FROM "users"  WHERE LOWER("users"."email") = LOWER('rhino.j.benedetti@gmail.com') LIMIT 1
  [1m[36m (0.1ms)[0m  [1mrollback transaction[0m
  [1m[35m (0.3ms)[0m  SELECT COUNT(*) FROM "users"
  [1m[36m (0.5ms)[0m  [1mbegin transaction[0m
  [1m[35mUser Exists (0.5ms)[0m  SELECT  1 AS one FROM "users"  WHERE "users"."email" IS NULL LIMIT 1
  [1m[36m (0.1ms)[0m  [1mrollback transaction[0m
  [1m[35m (0.1ms)[0m  begin transaction
  [1m[36mUser Exists (13.3ms)[0m  [1mSELECT  1 AS one FROM "users"  WHERE LOWER("users"."email") = LOWER('larry@example.com') LIMIT 1[0m
  [1m[35m (0.1ms)[0m  rollback transaction
  [1m[36m (0.1ms)[0m  [1mbegin transaction[0m
  [1m[35mUser Exists (0.2ms)[0m  SELECT  1 AS one FROM "users"  WHERE LOWER("users"."email") = LOWER('larry@example.com') LIMIT 1
Binary data inserted for `string` type on column `password_digest`
  [1m[36mSQL (8.5ms)[0m  [1mINSERT INTO "users" ("created_at", "email", "name", "password_digest", "updated_at") VALUES (?, ?, ?, ?, ?)[0m  [["created_at", "2015-01-29 20:38:13.271287"], ["email", "larry@example.com"], ["name", "Larry"], ["password_digest", "$2a$10$M/hd8ZpxX.0QNFWwF6h0OujYq3/Qbwk5nBTW.VA8owF0AEmGKCCGu"], ["updated_at", "2015-01-29 20:38:13.271287"]]
  [1m[35m (23.4ms)[0m  commit transaction
  [1m[36m (0.1ms)[0m  [1mbegin transaction[0m
  [1m[35mUser Exists (0.2ms)[0m  SELECT  1 AS one FROM "users"  WHERE LOWER("users"."email") = LOWER('curly@example.com') LIMIT 1
Binary data inserted for `string` type on column `password_digest`
  [1m[36mSQL (0.3ms)[0m  [1mINSERT INTO "users" ("created_at", "email", "name", "password_digest", "updated_at") VALUES (?, ?, ?, ?, ?)[0m  [["created_at", "2015-01-29 20:38:42.126718"], ["email", "curly@example.com"], ["name", "Curly"], ["password_digest", "$2a$10$5KrXaBkksM3hwhl5SHU5vOQBvHjIs1o/Fbxk37hlhzEN6TJdXcyAu"], ["updated_at", "2015-01-29 20:38:42.126718"]]
  [1m[35m (2.7ms)[0m  commit transaction
  [1m[36mUser Load (0.2ms)[0m  [1mSELECT  "users".* FROM "users"  WHERE "users"."email" = 'curly@example.com' LIMIT 1[0m
  [1m[35m (0.4ms)[0m  SELECT COUNT(*) FROM "users"
